<?xml version="1.0" encoding="UTF-8"?>
<testng-results ignored="0" total="1" passed="0" failed="1" skipped="0">
  <reporter-output>
  </reporter-output>
  <suite started-at="2025-02-05T09:22:56 IST" name="Suite" finished-at="2025-02-05T09:23:10 IST" duration-ms="14614">
    <groups>
    </groups>
    <test started-at="2025-02-05T09:22:56 IST" name="FlightAndAlertTests" finished-at="2025-02-05T09:23:10 IST" duration-ms="14614">
      <class name="seleniumcodes.allops">
        <test-method is-config="true" signature="setup()[pri:0, instance:seleniumcodes.allops@293a5bf6]" started-at="2025-02-05T09:22:56 IST" name="setup" finished-at="2025-02-05T09:23:01 IST" duration-ms="5218" status="PASS">
          <reporter-output>
          </reporter-output>
        </test-method> <!-- setup -->
        <test-method signature="testDropdownsAndSelections()[pri:0, instance:seleniumcodes.allops@293a5bf6]" started-at="2025-02-05T09:23:01 IST" name="testDropdownsAndSelections" finished-at="2025-02-05T09:23:10 IST" duration-ms="8977" status="FAIL">
          <exception class="java.lang.AssertionError">
            <message>
              <![CDATA[Round trip selection is incorrect]]>
            </message>
            <full-stacktrace>
              <![CDATA[java.lang.AssertionError: Round trip selection is incorrect
at org.testng.Assert.fail(Assert.java:99)
at seleniumcodes.allops.testDropdownsAndSelections(allops.java:62)
at java.base/jdk.internal.reflect.DirectMethodHandleAccessor.invoke(DirectMethodHandleAccessor.java:103)
at java.base/java.lang.reflect.Method.invoke(Method.java:580)
at org.testng.internal.MethodInvocationHelper.invokeMethod(MethodInvocationHelper.java:133)
at org.testng.internal.TestInvoker.invokeMethod(TestInvoker.java:598)
at org.testng.internal.TestInvoker.invokeTestMethod(TestInvoker.java:173)
at org.testng.internal.MethodRunner.runInSequence(MethodRunner.java:46)
at org.testng.internal.TestInvoker$MethodInvocationAgent.invoke(TestInvoker.java:824)
at org.testng.internal.TestInvoker.invokeTestMethods(TestInvoker.java:146)
at org.testng.internal.TestMethodWorker.invokeTestMethods(TestMethodWorker.java:146)
at org.testng.internal.TestMethodWorker.run(TestMethodWorker.java:128)
at java.base/java.util.ArrayList.forEach(ArrayList.java:1597)
at org.testng.TestRunner.privateRun(TestRunner.java:794)
at org.testng.TestRunner.run(TestRunner.java:596)
at org.testng.SuiteRunner.runTest(SuiteRunner.java:377)
at org.testng.SuiteRunner.runSequentially(SuiteRunner.java:371)
at org.testng.SuiteRunner.privateRun(SuiteRunner.java:332)
at org.testng.SuiteRunner.run(SuiteRunner.java:276)
at org.testng.SuiteRunnerWorker.runSuite(SuiteRunnerWorker.java:53)
at org.testng.SuiteRunnerWorker.run(SuiteRunnerWorker.java:96)
at org.testng.TestNG.runSuitesSequentially(TestNG.java:1212)
at org.testng.TestNG.runSuitesLocally(TestNG.java:1134)
at org.testng.TestNG.runSuites(TestNG.java:1063)
at org.testng.TestNG.run(TestNG.java:1031)
at org.testng.remote.AbstractRemoteTestNG.run(AbstractRemoteTestNG.java:115)
at org.testng.remote.RemoteTestNG.initAndRun(RemoteTestNG.java:293)
at org.testng.remote.RemoteTestNG.main(RemoteTestNG.java:91)
]]>
            </full-stacktrace>
          </exception> <!-- java.lang.AssertionError -->
          <reporter-output>
          </reporter-output>
        </test-method> <!-- testDropdownsAndSelections -->
        <test-method is-config="true" signature="tearDown()[pri:0, instance:seleniumcodes.allops@293a5bf6]" started-at="2025-02-05T09:23:10 IST" name="tearDown" finished-at="2025-02-05T09:23:10 IST" duration-ms="328" status="PASS">
          <reporter-output>
          </reporter-output>
        </test-method> <!-- tearDown -->
      </class> <!-- seleniumcodes.allops -->
    </test> <!-- FlightAndAlertTests -->
  </suite> <!-- Suite -->
</testng-results>
